{"/Users/brazelldazzle/Documents/projects/codefellows/code401/labs/server.js": {"path":"/Users/brazelldazzle/Documents/projects/codefellows/code401/labs/server.js","statementMap":{"0":{"start":{"line":4,"column":16},"end":{"line":4,"column":34}},"1":{"start":{"line":5,"column":12},"end":{"line":5,"column":21}},"2":{"start":{"line":7,"column":24},"end":{"line":7,"column":52}},"3":{"start":{"line":8,"column":21},"end":{"line":8,"column":49}},"4":{"start":{"line":9,"column":16},"end":{"line":9,"column":50}},"5":{"start":{"line":11,"column":0},"end":{"line":13,"column":2}},"6":{"start":{"line":12,"column":2},"end":{"line":12,"column":37}},"7":{"start":{"line":15,"column":0},"end":{"line":23,"column":3}},"8":{"start":{"line":16,"column":21},"end":{"line":20,"column":3}},"9":{"start":{"line":22,"column":2},"end":{"line":22,"column":37}},"10":{"start":{"line":25,"column":0},"end":{"line":27,"column":3}},"11":{"start":{"line":26,"column":2},"end":{"line":26,"column":24}},"12":{"start":{"line":29,"column":0},"end":{"line":29,"column":30}},"13":{"start":{"line":30,"column":0},"end":{"line":30,"column":22}},"14":{"start":{"line":34,"column":2},"end":{"line":34,"column":66}},"15":{"start":{"line":34,"column":25},"end":{"line":34,"column":65}},"16":{"start":{"line":37,"column":0},"end":{"line":40,"column":1}}},"fnMap":{"0":{"name":"(anonymous_0)","decl":{"start":{"line":11,"column":22},"end":{"line":11,"column":23}},"loc":{"start":{"line":11,"column":36},"end":{"line":13,"column":1}},"line":11},"1":{"name":"(anonymous_1)","decl":{"start":{"line":15,"column":26},"end":{"line":15,"column":27}},"loc":{"start":{"line":15,"column":40},"end":{"line":23,"column":1}},"line":15},"2":{"name":"(anonymous_2)","decl":{"start":{"line":25,"column":16},"end":{"line":25,"column":17}},"loc":{"start":{"line":25,"column":36},"end":{"line":27,"column":1}},"line":25},"3":{"name":"start","decl":{"start":{"line":33,"column":9},"end":{"line":33,"column":14}},"loc":{"start":{"line":33,"column":21},"end":{"line":35,"column":1}},"line":33},"4":{"name":"(anonymous_4)","decl":{"start":{"line":34,"column":19},"end":{"line":34,"column":20}},"loc":{"start":{"line":34,"column":25},"end":{"line":34,"column":65}},"line":34}},"branchMap":{},"s":{"0":1,"1":1,"2":1,"3":1,"4":1,"5":1,"6":1,"7":1,"8":2,"9":2,"10":1,"11":1,"12":1,"13":1,"14":0,"15":0,"16":1},"f":{"0":1,"1":2,"2":1,"3":0,"4":0},"b":{},"_coverageSchema":"1a1c01bbd47fc00a2c39e90264f33305004495a9","hash":"f3eb043afa817cffa518639a1df04062dc8289bf"}
,"/Users/brazelldazzle/Documents/projects/codefellows/code401/labs/handlers/404.js": {"path":"/Users/brazelldazzle/Documents/projects/codefellows/code401/labs/handlers/404.js","statementMap":{"0":{"start":{"line":4,"column":0},"end":{"line":10,"column":1}},"1":{"start":{"line":5,"column":2},"end":{"line":9,"column":4}}},"fnMap":{"0":{"name":"(anonymous_0)","decl":{"start":{"line":4,"column":17},"end":{"line":4,"column":18}},"loc":{"start":{"line":4,"column":31},"end":{"line":10,"column":1}},"line":4}},"branchMap":{},"s":{"0":1,"1":1},"f":{"0":1},"b":{},"_coverageSchema":"1a1c01bbd47fc00a2c39e90264f33305004495a9","hash":"974fcfa1eb8cd1e80616a02dc29adec8621bac9b"}
,"/Users/brazelldazzle/Documents/projects/codefellows/code401/labs/handlers/500.js": {"path":"/Users/brazelldazzle/Documents/projects/codefellows/code401/labs/handlers/500.js","statementMap":{"0":{"start":{"line":4,"column":0},"end":{"line":12,"column":1}},"1":{"start":{"line":5,"column":2},"end":{"line":11,"column":4}}},"fnMap":{"0":{"name":"(anonymous_0)","decl":{"start":{"line":4,"column":17},"end":{"line":4,"column":18}},"loc":{"start":{"line":4,"column":44},"end":{"line":12,"column":1}},"line":4}},"branchMap":{},"s":{"0":1,"1":1},"f":{"0":1},"b":{},"_coverageSchema":"1a1c01bbd47fc00a2c39e90264f33305004495a9","hash":"42fa964979a6909ed5c85f7f08a2385d4e11b456"}
,"/Users/brazelldazzle/Documents/projects/codefellows/code401/labs/middleware/stamper.js": {"path":"/Users/brazelldazzle/Documents/projects/codefellows/code401/labs/middleware/stamper.js","statementMap":{"0":{"start":{"line":4,"column":0},"end":{"line":7,"column":1}},"1":{"start":{"line":5,"column":2},"end":{"line":5,"column":29}},"2":{"start":{"line":6,"column":2},"end":{"line":6,"column":9}}},"fnMap":{"0":{"name":"(anonymous_0)","decl":{"start":{"line":4,"column":17},"end":{"line":4,"column":18}},"loc":{"start":{"line":4,"column":37},"end":{"line":7,"column":1}},"line":4}},"branchMap":{},"s":{"0":1,"1":3,"2":3},"f":{"0":3},"b":{},"_coverageSchema":"1a1c01bbd47fc00a2c39e90264f33305004495a9","hash":"95e82efa2eff76f4fbad4343aeadce8c9ce4bef4"}
}
